<?xml version="1.0" encoding="UTF-8"?>
<!-- Generated by org.testng.reporters.JUnitReportReporter -->
<testsuite hostname="sheereesh-PC" failures="0" tests="1" name="sampleproject.Execution" time="4.326" errors="0" timestamp="2021-12-04T17:08:20 IST" skipped="0">
  <testcase classname="sampleproject.Execution" name="execution" time="4.326"/>
  <system-out/>
</testsuite> <!-- sampleproject.Execution -->
