<?xml version="1.0" encoding="UTF-8"?>
<!-- Generated by org.testng.reporters.JUnitReportReporter -->
<testsuite hostname="DESKTOP-N9QFJ52" failures="0" tests="1" name="testRuns.TestRunner1" time="44.995" errors="0" timestamp="2021-12-06T11:27:20 IST" skipped="0">
  <testcase classname="testRuns.TestRunner1" name="runScenario" time="44.995"/>
  <system-out/>
</testsuite> <!-- testRuns.TestRunner1 -->
