<?xml version="1.0" encoding="UTF-8"?>
<!-- Generated by org.testng.reporters.JUnitReportReporter -->
<testsuite hostname="sheereesh-PC" failures="0" tests="1" name="execution.TestCase1" time="0.338" errors="0" timestamp="2021-12-04T21:31:34 IST" skipped="0">
  <testcase classname="execution.TestCase1" name="testCase1" time="0.338"/>
  <system-out/>
</testsuite> <!-- execution.TestCase1 -->
